<?xml version="1.0" encoding="UTF-8"?>
<!-- Generated by org.testng.reporters.JUnitReportReporter -->
<testsuite hostname="LAPTOP-U3SRKF77" failures="0" tests="2" name="Academy.Homepage" time="27.544" errors="0" timestamp="2022-04-03T15:39:09 IST" skipped="0">
  <testcase classname="Academy.Homepage" name="pageNavigation" time="18.062"/>
  <system-out/>
  <testcase classname="Academy.Homepage" name="pageNavigation" time="9.482"/>
  <system-out/>
</testsuite> <!-- Academy.Homepage -->
