<?xml version="1.0" encoding="UTF-8"?>
<!-- Generated by org.testng.reporters.JUnitReportReporter -->
<testsuite hostname="LAPTOP-U3SRKF77" failures="0" tests="2" name="cucumberOptions.TestRunner" time="47.211" errors="0" timestamp="2022-04-11T14:45:12 IST" skipped="0">
  <testcase classname="cucumberOptions.TestRunner" name="runScenario" time="24.657"/>
  <system-out/>
  <testcase classname="cucumberOptions.TestRunner" name="runScenario" time="22.554"/>
  <system-out/>
</testsuite> <!-- cucumberOptions.TestRunner -->
