<?xml version="1.0" encoding="UTF-8"?>
<!-- Generated by org.testng.reporters.JUnitReportReporter -->
<testsuite hostname="LAPTOP-U3SRKF77" failures="0" tests="1" name="Academy.validateNavigationbar" time="0.072" errors="0" timestamp="2022-04-11T13:44:25 IST" skipped="0">
  <testcase classname="Academy.validateNavigationbar" name="pageNavigation" time="0.072"/>
  <system-out/>
</testsuite> <!-- Academy.validateNavigationbar -->
