<?xml version="1.0" encoding="UTF-8"?>
<!-- Generated by org.testng.reporters.JUnitReportReporter -->
<testsuite hostname="LAPTOP-U3SRKF77" failures="0" tests="2" name="cucumberOptions.TestRunner" time="59.426" errors="0" timestamp="2022-04-11T15:11:19 IST" skipped="0">
  <testcase classname="cucumberOptions.TestRunner" name="runScenario" time="23.386"/>
  <system-out/>
  <testcase classname="cucumberOptions.TestRunner" name="runScenario" time="36.040"/>
  <system-out/>
</testsuite> <!-- cucumberOptions.TestRunner -->
